<?xml version="1.0" encoding="UTF-8"?>
<!-- Generated by org.testng.reporters.JUnitReportReporter -->
<testsuite hostname="DESKTOP-I0292P0" failures="0" tests="1" name="com.shadow.GetShadow" time="5.568" errors="0" timestamp="2025-04-02T12:57:27 IST" skipped="0">
  <testcase classname="com.shadow.GetShadow" name="getShadow" time="5.568"/>
  <system-out/>
</testsuite> <!-- com.shadow.GetShadow -->
