<?xml version="1.0" encoding="UTF-8"?>
<!-- Generated by org.testng.reporters.JUnitReportReporter -->
<testsuite hostname="DESKTOP-I0292P0" failures="0" tests="1" name="datePicker.PickDateDemo" time="6.511" errors="0" timestamp="2025-04-01T13:02:13 IST" skipped="0">
  <testcase classname="datePicker.PickDateDemo" name="selectDate" time="6.511"/>
  <system-out/>
</testsuite> <!-- datePicker.PickDateDemo -->
